mode: set
github.com/paosua86/awesome-api/main.go:13.13,15.43 2 0
github.com/paosua86/awesome-api/main.go:18.2,21.57 2 0
github.com/paosua86/awesome-api/main.go:15.43,17.3 1 0
github.com/paosua86/awesome-api/main.go:24.32,37.2 5 1
github.com/paosua86/awesome-api/main.go:39.65,47.2 2 1
github.com/paosua86/awesome-api/main.go:49.59,57.25 4 1
github.com/paosua86/awesome-api/main.go:70.2,70.16 1 1
github.com/paosua86/awesome-api/main.go:75.2,78.56 2 1
github.com/paosua86/awesome-api/main.go:58.9,60.12 1 1
github.com/paosua86/awesome-api/main.go:61.9,63.23 1 1
github.com/paosua86/awesome-api/main.go:64.10,66.39 1 1
github.com/paosua86/awesome-api/main.go:70.16,72.3 1 1
